[2024-08-15 23:11:21,703: INFO: main: Starting the cookbook bot]
[2024-08-15 23:11:42,726: INFO: main: User provided the recipe link: https://www.allrecipes.com/recipe/38331/stuffed-eggplant/]
[2024-08-15 23:12:03,681: INFO: main: Starting the cookbook bot]
[2024-08-15 23:12:12,459: INFO: main: User provided the recipe link: https://www.allrecipes.com/recipe/38331/stuffed-eggplant/]
[2024-08-15 23:12:23,342: INFO: main: Starting the cookbook bot]
[2024-08-15 23:12:28,741: INFO: main: User provided the recipe link: https://www.allrecipes.com/recipe/38331/stuffed-eggplant/]
[2024-08-15 23:12:53,518: INFO: main: Starting the cookbook bot]
[2024-08-15 23:12:59,874: INFO: main: User provided the recipe link: https://www.allrecipes.com/recipe/38331/stuffed-eggplant/]
[2024-08-15 23:16:00,629: INFO: main: Starting the cookbook bot]
[2024-08-15 23:16:07,305: INFO: main: User provided the recipe link: https://www.allrecipes.com/recipe/38331/stuffed-eggplant/]
[2024-08-15 23:16:07,864: INFO: main: Recipe details fetched successfully titled: Stuffed Eggplant]
[2024-08-15 23:16:28,173: INFO: main: User asked: show all the ingredients]
[2024-08-15 23:16:28,173: INFO: main: Response: Sorry, I didn't understand that question.]
[2024-08-15 23:16:46,240: INFO: main: User asked: show me the ingredients]
[2024-08-15 23:16:46,240: INFO: main: Response: ['1  (1ï¿½ pound) eggplant, halved lengthwise', '3 tablespoons olive oil, divided', '1/2 teaspoon salt', '1/2 teaspoon ground black pepper', '1/2 pound sweet Italian sausage, casings removed', '1 cup chopped onion', '1 cup sliced fresh mushrooms', '4 cloves garlic, minced', '2 tablespoons chopped fresh basil', '1 cup tomato-basil pasta sauce', '3/4 cup Italian seasoned panko bread crumbs, divided', '1/2 cup grated Parmesan cheese, divided']]
[2024-08-15 23:16:53,486: INFO: main: User asked: repeat please]
[2024-08-15 23:16:53,486: INFO: main: Response: Scoop out the flesh, brush the shells with oil, and season.]
[2024-08-15 23:17:00,702: INFO: main: User asked: how to do that]
[2024-08-15 23:17:00,703: INFO: main: Response: Sorry, I didn't understand that question.]
[2024-08-15 23:17:08,339: INFO: main: User asked: how do i do that]
[2024-08-15 23:17:08,339: INFO: main: Response: https://www.youtube.com/results?search_query=how+to+Scoop+out+the+flesh,+brush+the+shells+with+oil,+and+season.]
[2024-08-15 23:17:47,163: INFO: main: User asked: how do i become like luffy]
[2024-08-15 23:17:47,164: INFO: main: Response: https://www.youtube.com/results?search_query=how+do+i+become+like+luffy]
[2024-08-15 23:19:20,344: INFO: main: User asked: exit]
[2024-08-16 00:12:09,535: INFO: main: >>>>>>>>>>> Starting the cookbook bot <<<<<<<<<<<]
[2024-08-16 00:12:16,283: INFO: main: User provided the recipe link: https://www.allrecipes.com/recipe/38331/stuffed-eggplant/]
[2024-08-16 00:12:17,681: INFO: main: Recipe details fetched successfully titled: Stuffed Eggplant]
[2024-08-16 00:12:36,364: INFO: main: User asked: go over all the ingredients]
[2024-08-16 00:12:36,365: INFO: main: Response: ['1  (1½ pound) eggplant, halved lengthwise', '3 tablespoons olive oil, divided', '1/2 teaspoon salt', '1/2 teaspoon ground black pepper', '1/2 pound sweet Italian sausage, casings removed', '1 cup chopped onion', '1 cup sliced fresh mushrooms', '4 cloves garlic, minced', '2 tablespoons chopped fresh basil', '1 cup tomato-basil pasta sauce', '3/4 cup Italian seasoned panko bread crumbs, divided', '1/2 cup grated Parmesan cheese, divided']]
[2024-08-16 00:12:50,642: INFO: main: User asked: show this step again]
[2024-08-16 00:12:50,642: INFO: main: Response: Scoop out the flesh, brush the shells with oil, and season.]
[2024-08-16 00:12:58,999: INFO: main: User asked: show previous step]
[2024-08-16 00:12:59,000: INFO: main: Response: No more steps available]
[2024-08-16 00:13:08,427: INFO: main: User asked: show next step]
[2024-08-16 00:13:08,427: INFO: main: Response: Chop the reserved eggplant flesh into bite-sized pieces.]
[2024-08-16 00:13:22,504: INFO: main: User asked: take me to the 5th step]
[2024-08-16 00:13:22,505: INFO: main: Response: Stuff the shells and sprinkle the remaining cheese and panko over the top.]
[2024-08-16 00:15:26,892: INFO: main: User asked: how much garlic should i use]
[2024-08-16 00:15:30,508: INFO: main: >>>>>>>>>>> Starting the cookbook bot <<<<<<<<<<<]
[2024-08-16 00:15:36,286: INFO: main: User provided the recipe link: https://www.allrecipes.com/recipe/38331/stuffed-eggplant/]
[2024-08-16 00:15:36,937: INFO: main: Recipe details fetched successfully titled: Stuffed Eggplant]
[2024-08-16 00:15:54,727: INFO: main: User asked: how much of garlic do i need]
[2024-08-16 00:15:54,729: INFO: main: Response: 4 cloves garlic, minced]
[2024-08-16 00:16:08,668: INFO: main: User asked: what is a snake]
[2024-08-16 00:16:08,668: INFO: main: Response: https://www.google.com/search?q=what+is+a+snake]
[2024-08-16 00:16:15,966: INFO: main: User asked: how do i do that]
[2024-08-16 00:16:15,966: INFO: main: Response: https://www.youtube.com/results?search_query=how+to+Scoop+out+the+flesh,+brush+the+shells+with+oil,+and+season.]
[2024-08-16 00:16:31,754: INFO: main: User asked: how do i mince garlic]
[2024-08-16 00:16:31,755: INFO: main: Response: https://www.youtube.com/results?search_query=how+do+i+mince+garlic]
[2024-08-16 00:16:41,707: INFO: main: User asked: exit]
[2024-08-16 00:30:36,448: INFO: main: >>>>>>>>>>> Starting the cookbook bot <<<<<<<<<<<]
[2024-08-16 00:30:59,751: INFO: main: User provided the recipe link: https://www.seriouseats.com/tamales-recipe-8649579]
[2024-08-16 00:31:00,355: INFO: main: Recipe details fetched successfully titled: How to Make Tamales (A Comprehensive Guide)]
[2024-08-16 00:31:23,239: INFO: main: User asked: go over all the ingredients]
[2024-08-16 00:31:23,239: INFO: main: Response: ['25 large dried corn husks, each measuring about 8 inches long by 6 inches wide (about 6 ounces; 170g) (see notes)', '1 cup lard, vegetable shortening, or duck fat (6 ounces; 170g), softened', '3 1/3 cups masa harina (12 3/4 ounces; 361g) (see notes)', '1 1/4 teaspoons (6g) baking powder', '1/2 teaspoon Diamond crystal kosher salt; if using table salt use half as much by volume', '2 cups (475ml) homemade chicken, pork, or beef broth or store-bought low-sodium chicken broth (see notes)', '1 recipe rojos de puerco, pollo con salsa verde, or birria for filling the tamales', 'Queso, crema, salsa, and/or hot sauce, for serving (optional)']]
[2024-08-16 00:31:28,831: INFO: main: User asked: go over all the tools]
[2024-08-16 00:31:28,831: INFO: main: Response: ['basket', 'bowl', 'spoon', 'knife', 'mixer', 'pot', 'spatula', 'plate']]
[2024-08-16 00:31:44,129: INFO: main: User asked: show previous step]
[2024-08-16 00:31:44,129: INFO: main: Response: Step not available.]
[2024-08-16 00:31:52,560: INFO: main: User asked: show next step]
[2024-08-16 00:31:52,560: INFO: main: Response: Meanwhile, in a stand mixer, using the paddle attachment, beat the lard (or other listed fat if using) on medium speed until smooth, light and airy, about 4 minutes. (See notes.)]
[2024-08-16 00:31:58,360: INFO: main: User asked: show next step]
[2024-08-16 00:31:58,360: INFO: main: Response: Stop mixer, use a spatula to scrape down sides of mixer bowl, and add masa harina and baking powder. Start mixer and gradually increase speed to medium and mix until well combined, about 1 minute.]
[2024-08-16 00:32:00,516: INFO: main: User asked: show next step]
[2024-08-16 00:32:00,516: INFO: main: Response: With mixer running, slowly drizzle in broth or water, until well combined and dough forms, about 5 minutes. Dough should be moist, smooth, and spongy in texture.]
[2024-08-16 00:32:02,098: INFO: main: User asked: show next step]
[2024-08-16 00:32:02,098: INFO: main: Response: To test dough for seasoning, flatten a small piece of dough between your fingers, then microwave on high power until cooked through, about for 15 seconds. Taste and add salt by returning to stand mixer or kneading in by hand, if needed.]
[2024-08-16 00:32:07,491: INFO: main: User asked: show previous step]
[2024-08-16 00:32:07,491: INFO: main: Response: With mixer running, slowly drizzle in broth or water, until well combined and dough forms, about 5 minutes. Dough should be moist, smooth, and spongy in texture.]
[2024-08-16 00:32:15,874: INFO: main: User asked: show this step again]
[2024-08-16 00:32:15,874: INFO: main: Response: With mixer running, slowly drizzle in broth or water, until well combined and dough forms, about 5 minutes. Dough should be moist, smooth, and spongy in texture.]
[2024-08-16 00:32:36,168: INFO: main: User asked: take me to the 1st step]
[2024-08-16 00:32:36,168: INFO: main: Response: In a large bowl, add corn husks and cover with hot water; soak until pliable, 20 to 30 minutes. Make sure they are fully submerged by weighing them down with a heavy plate, if needed.]
[2024-08-16 00:32:50,404: INFO: main: User asked: how do I do that]
[2024-08-16 00:32:50,405: INFO: main: Response: https://www.youtube.com/results?search_query=how+to+In+a+large+bowl,+add+corn+husks+and+cover+with+hot+water;+soak+until+pliable,+20+to+30+minutes.+Make+sure+they+are+fully+submerged+by+weighing+them+down+with+a+heavy+plate,+if+needed.]
[2024-08-16 00:33:30,270: INFO: main: User asked: how do I lift a heavy plate]
[2024-08-16 00:33:30,271: INFO: main: Response: https://www.youtube.com/results?search_query=how+do+i+lift+a+heavy+plate]
[2024-08-16 00:34:33,736: INFO: main: User asked: what is a corn husks]
[2024-08-16 00:34:33,737: INFO: main: Response: https://www.google.com/search?q=what+is+a+corn+husks]
[2024-08-16 00:34:38,851: INFO: main: User asked: exit]
[2024-08-16 14:41:10,944: INFO: main: >>>>>>>>>>> Starting the cookbook bot <<<<<<<<<<<]
[2024-08-16 14:41:40,925: INFO: main: User provided the recipe link: https://www.allrecipes.com/recipe/38331/stuffed-eggplant/]
[2024-08-16 14:41:41,621: INFO: main: Recipe details fetched successfully titled: Stuffed Eggplant]
[2024-08-16 14:41:53,612: INFO: main: User asked: go over all the ingredients]
[2024-08-16 14:41:53,635: INFO: main: Response: ['1  (1½ pound) eggplant, halved lengthwise', '3 tablespoons olive oil, divided', '1/2 teaspoon salt', '1/2 teaspoon ground black pepper', '1/2 pound sweet Italian sausage, casings removed', '1 cup chopped onion', '1 cup sliced fresh mushrooms', '4 cloves garlic, minced', '2 tablespoons chopped fresh basil', '1 cup tomato-basil pasta sauce', '3/4 cup Italian seasoned panko bread crumbs, divided', '1/2 cup grated Parmesan cheese, divided']]
[2024-08-16 14:42:03,658: INFO: main: User asked: show all the ingredients]
[2024-08-16 14:42:03,666: INFO: main: Response: ['1  (1½ pound) eggplant, halved lengthwise', '3 tablespoons olive oil, divided', '1/2 teaspoon salt', '1/2 teaspoon ground black pepper', '1/2 pound sweet Italian sausage, casings removed', '1 cup chopped onion', '1 cup sliced fresh mushrooms', '4 cloves garlic, minced', '2 tablespoons chopped fresh basil', '1 cup tomato-basil pasta sauce', '3/4 cup Italian seasoned panko bread crumbs, divided', '1/2 cup grated Parmesan cheese, divided']]
[2024-08-16 14:42:29,385: INFO: main: User asked: can you show all the ingredients please for this recipe]
[2024-08-16 14:42:29,393: INFO: main: Response: ['bowl', 'spoon', 'oven', 'skillet', 'knife']]
[2024-08-16 14:43:05,681: INFO: main: User asked: what is spoon]
[2024-08-16 14:45:23,262: INFO: main: >>>>>>>>>>> Starting the cookbook bot <<<<<<<<<<<]
[2024-08-16 14:45:26,989: INFO: main: User provided the recipe link: https://www.allrecipes.com/recipe/38331/stuffed-eggplant/]
[2024-08-16 14:45:28,025: INFO: main: Recipe details fetched successfully titled: Stuffed Eggplant]
[2024-08-16 14:45:40,544: INFO: main: User asked: exit]
[2024-08-16 14:45:40,544: INFO: main: User chose to exit the program]
[2024-08-16 14:45:46,472: INFO: main: >>>>>>>>>>> Starting the cookbook bot <<<<<<<<<<<]
[2024-08-16 14:45:50,496: INFO: main: User provided the recipe link: https://www.allrecipes.com/recipe/38331/stuffed-eggplant/]
[2024-08-16 14:45:51,264: INFO: main: Recipe details fetched successfully titled: Stuffed Eggplant]
[2024-08-16 14:46:05,621: INFO: main: User asked: what is spoon]
[2024-08-16 14:46:05,628: INFO: main: Response: https://www.google.com/search?q=what+is+a+spoon]
[2024-08-16 14:46:22,094: INFO: main: User asked: what's spoon]
[2024-08-16 14:46:22,111: INFO: main: Response: Sorry, I didn't understand that question.]
[2024-08-16 14:46:38,071: INFO: main: User asked: what's a spoon]
[2024-08-16 14:46:38,080: INFO: main: Response: Sorry, I didn't understand that question.]
[2024-08-16 14:46:44,056: INFO: main: User asked: show the ingredients]
[2024-08-16 14:46:44,093: INFO: main: Response: Step not available.]
[2024-08-16 14:46:59,356: INFO: main: User asked: show mw the ingredients]
[2024-08-16 14:46:59,362: INFO: main: Response: Sorry, I didn't understand that question.]
[2024-08-16 14:47:10,806: INFO: main: User asked: show me all the ingredients]
[2024-08-16 14:47:10,813: INFO: main: Response: ['1  (1½ pound) eggplant, halved lengthwise', '3 tablespoons olive oil, divided', '1/2 teaspoon salt', '1/2 teaspoon ground black pepper', '1/2 pound sweet Italian sausage, casings removed', '1 cup chopped onion', '1 cup sliced fresh mushrooms', '4 cloves garlic, minced', '2 tablespoons chopped fresh basil', '1 cup tomato-basil pasta sauce', '3/4 cup Italian seasoned panko bread crumbs, divided', '1/2 cup grated Parmesan cheese, divided']]
[2024-08-16 14:47:32,171: INFO: main: User asked: show me all the tools]
[2024-08-16 14:47:32,180: INFO: main: Response: ['spoon', 'oven', 'knife', 'skillet', 'bowl']]
[2024-08-16 14:47:42,407: INFO: main: User asked: go to previous step]
[2024-08-19 18:32:05,640: INFO: main: >>>>>>>>>>> Starting the cookbook bot <<<<<<<<<<<]
[2024-08-19 18:32:19,479: INFO: main: >>>>>>>>>>> Starting the cookbook bot <<<<<<<<<<<]
[2024-08-19 18:33:34,470: INFO: main: User provided the recipe link: https://www.allrecipes.com/recipe/38331/stuffed-eggplant/]
[2024-08-19 18:33:35,562: INFO: main: Recipe details fetched successfully titled: Stuffed Eggplant]
[2024-08-19 18:33:35,564: INFO: SentenceTransformer: Use pytorch device_name: cpu]
[2024-08-19 18:33:35,564: INFO: SentenceTransformer: Load pretrained SentenceTransformer: paraphrase-MiniLM-L6-v2]
[2024-08-19 18:34:07,923: INFO: main: User asked: go over all the ingredients]
[2024-08-19 18:34:07,942: INFO: main: Response: ['1  (1½ pound) eggplant, halved lengthwise', '3 tablespoons olive oil, divided', '1/2 teaspoon salt', '1/2 teaspoon ground black pepper', '1/2 pound sweet Italian sausage, casings removed', '1 cup chopped onion', '1 cup sliced fresh mushrooms', '4 cloves garlic, minced', '2 tablespoons chopped fresh basil', '1 cup tomato-basil pasta sauce', '3/4 cup Italian seasoned panko bread crumbs, divided', '1/2 cup grated Parmesan cheese, divided']]
[2024-08-19 18:34:15,320: INFO: main: User asked: show me all the ingredients]
[2024-08-19 18:34:15,336: INFO: main: Response: ['1  (1½ pound) eggplant, halved lengthwise', '3 tablespoons olive oil, divided', '1/2 teaspoon salt', '1/2 teaspoon ground black pepper', '1/2 pound sweet Italian sausage, casings removed', '1 cup chopped onion', '1 cup sliced fresh mushrooms', '4 cloves garlic, minced', '2 tablespoons chopped fresh basil', '1 cup tomato-basil pasta sauce', '3/4 cup Italian seasoned panko bread crumbs, divided', '1/2 cup grated Parmesan cheese, divided']]
[2024-08-19 18:34:20,862: INFO: main: User asked: show all the ingredients]
[2024-08-19 18:34:20,877: INFO: main: Response: Sorry, I didn't understand that question.]
[2024-08-19 18:34:50,584: INFO: main: User asked: tell me the ingredients]
[2024-08-19 18:34:50,600: INFO: main: Response: Sorry, I didn't understand that question.]
[2024-08-19 18:34:59,813: INFO: main: User asked: show the ingredients to me ]
[2024-08-19 18:34:59,830: INFO: main: Response: Sorry, I didn't understand that question.]
[2024-08-19 18:35:13,447: INFO: main: User asked: what are all the tools used]
[2024-08-19 18:35:13,463: INFO: main: Response: Sorry, I didn't understand that question.]
[2024-08-19 18:35:22,584: INFO: main: User asked: show me all the tools used]
[2024-08-19 18:35:22,599: INFO: main: Response: Sorry, I didn't understand that question.]
[2024-08-19 18:35:30,100: INFO: main: User asked: show all the tools used]
[2024-08-19 18:35:30,131: INFO: main: Response: Sorry, I didn't understand that question.]
[2024-08-19 18:35:38,253: INFO: main: User asked: show all the tools]
[2024-08-19 18:35:38,266: INFO: main: Response: Sorry, I didn't understand that question.]
[2024-08-19 18:35:49,204: INFO: main: User asked: show me all the tools]
[2024-08-19 18:35:49,222: INFO: main: Response: Sorry, I didn't understand that question.]
[2024-08-19 18:35:55,280: INFO: main: User asked: go over all the tools]
[2024-08-19 18:35:55,295: INFO: main: Response: ['spoon', 'bowl', 'oven', 'skillet', 'knife']]
[2024-08-19 18:36:32,815: INFO: main: User asked: what are the tools used in this recipe]
[2024-08-19 18:36:32,835: INFO: main: Response: Sorry, I didn't understand that question.]
[2024-08-19 18:36:41,994: INFO: main: User asked: what is fan]
[2024-08-19 18:36:42,009: INFO: main: Response: Sorry, I didn't understand that question.]
[2024-08-19 18:36:46,232: INFO: main: User asked: what is a fan]
[2024-08-19 18:36:46,247: INFO: main: Response: Sorry, I didn't understand that question.]
[2024-08-19 18:36:55,268: INFO: main: User asked: how to do that]
[2024-08-19 18:36:55,284: INFO: main: Response: https://www.youtube.com/results?search_query=how+to+Scoop+out+the+flesh,+brush+the+shells+with+oil,+and+season.]
[2024-08-19 18:37:10,342: INFO: main: User asked: how to do scooping ]
[2024-08-19 18:37:10,357: INFO: main: Response: Sorry, I didn't understand that question.]
[2024-08-19 18:37:28,828: INFO: main: User asked: exit]
[2024-08-19 18:37:28,828: INFO: main: User chose to exit the program]
[2024-08-19 18:39:41,340: INFO: main: >>>>>>>>>>> Starting the cookbook bot <<<<<<<<<<<]
[2024-08-19 18:39:46,786: INFO: main: User provided the recipe link: https://www.allrecipes.com/recipe/38331/stuffed-eggplant/]
[2024-08-19 18:39:47,641: INFO: main: Recipe details fetched successfully titled: Stuffed Eggplant]
[2024-08-19 18:39:47,646: INFO: SentenceTransformer: Use pytorch device_name: cpu]
[2024-08-19 18:39:47,646: INFO: SentenceTransformer: Load pretrained SentenceTransformer: paraphrase-MiniLM-L6-v2]
[2024-08-19 18:40:00,591: INFO: main: User asked: show me the ingredients]
[2024-08-19 18:40:00,641: INFO: main: Response: ['1  (1½ pound) eggplant, halved lengthwise', '3 tablespoons olive oil, divided', '1/2 teaspoon salt', '1/2 teaspoon ground black pepper', '1/2 pound sweet Italian sausage, casings removed', '1 cup chopped onion', '1 cup sliced fresh mushrooms', '4 cloves garlic, minced', '2 tablespoons chopped fresh basil', '1 cup tomato-basil pasta sauce', '3/4 cup Italian seasoned panko bread crumbs, divided', '1/2 cup grated Parmesan cheese, divided']]
[2024-08-19 18:40:15,216: INFO: main: User asked: tell me the ingredients used in the recipe]
[2024-08-19 18:40:15,251: INFO: main: Response: ['1  (1½ pound) eggplant, halved lengthwise', '3 tablespoons olive oil, divided', '1/2 teaspoon salt', '1/2 teaspoon ground black pepper', '1/2 pound sweet Italian sausage, casings removed', '1 cup chopped onion', '1 cup sliced fresh mushrooms', '4 cloves garlic, minced', '2 tablespoons chopped fresh basil', '1 cup tomato-basil pasta sauce', '3/4 cup Italian seasoned panko bread crumbs, divided', '1/2 cup grated Parmesan cheese, divided']]
[2024-08-19 18:40:28,133: INFO: main: User asked: what are all the tools used in this recipe]
[2024-08-19 18:40:28,148: INFO: main: Response: ['1  (1½ pound) eggplant, halved lengthwise', '3 tablespoons olive oil, divided', '1/2 teaspoon salt', '1/2 teaspoon ground black pepper', '1/2 pound sweet Italian sausage, casings removed', '1 cup chopped onion', '1 cup sliced fresh mushrooms', '4 cloves garlic, minced', '2 tablespoons chopped fresh basil', '1 cup tomato-basil pasta sauce', '3/4 cup Italian seasoned panko bread crumbs, divided', '1/2 cup grated Parmesan cheese, divided']]
[2024-08-19 18:40:36,988: INFO: main: User asked: show all the tools]
[2024-08-19 18:40:37,003: INFO: main: Response: ['bowl', 'skillet', 'knife', 'oven', 'spoon']]
[2024-08-19 18:40:55,241: INFO: main: User asked: go to the next step]
[2024-08-19 18:40:55,256: INFO: main: Response: Chop the reserved eggplant flesh into bite-sized pieces.]
[2024-08-19 18:41:07,473: INFO: main: User asked: go to the previous step]
[2024-08-19 18:41:07,487: INFO: main: Response: Scoop out the flesh, brush the shells with oil, and season.]
[2024-08-19 18:41:20,908: INFO: main: User asked: lets go to 3rd step]
[2024-08-19 18:41:20,931: INFO: main: Response: Scoop out the flesh, brush the shells with oil, and season.]
[2024-08-19 18:41:38,588: INFO: main: User asked: what is a fan]
[2024-08-19 18:41:38,604: INFO: main: Response: Sorry, I didn't understand that question.]
[2024-08-19 18:41:49,393: INFO: main: User asked: how are we supposed to do that]
[2024-08-19 18:41:49,418: INFO: main: Response: https://www.youtube.com/results?search_query=how+to+Scoop+out+the+flesh,+brush+the+shells+with+oil,+and+season.]
[2024-08-19 18:42:06,065: INFO: main: User asked: go to 3rd step]
[2024-08-19 18:42:06,078: INFO: main: Response: Scoop out the flesh, brush the shells with oil, and season.]
[2024-08-19 18:42:13,757: INFO: main: User asked: go to 4th step]
[2024-08-19 18:42:13,773: INFO: main: Response: Scoop out the flesh, brush the shells with oil, and season.]
[2024-08-19 18:42:26,914: INFO: main: User asked: take me to the 3rd step]
[2024-08-19 18:42:26,930: INFO: main: Response: Cook sausage, vegetables, and garlic in the remaining oil.]
[2024-08-19 18:42:41,196: INFO: main: User asked: how much garlic do i need]
[2024-08-19 18:42:41,224: INFO: main: Response: Sorry, I didn't understand that question.]
[2024-08-19 18:42:52,552: INFO: main: User asked: exit]
[2024-08-19 18:42:52,552: INFO: main: User chose to exit the program]
[2024-08-19 18:43:19,474: INFO: main: >>>>>>>>>>> Starting the cookbook bot <<<<<<<<<<<]
[2024-08-19 18:43:57,824: INFO: main: User provided the recipe link: https://www.allrecipes.com/recipe/38331/stuffed-eggplant/]
[2024-08-19 18:43:58,473: INFO: main: Recipe details fetched successfully titled: Stuffed Eggplant]
[2024-08-19 18:43:58,475: INFO: SentenceTransformer: Use pytorch device_name: cpu]
[2024-08-19 18:43:58,475: INFO: SentenceTransformer: Load pretrained SentenceTransformer: paraphrase-MiniLM-L6-v2]
[2024-08-19 18:44:10,118: INFO: main: User asked: what is a batch]
[2024-08-19 18:44:10,142: INFO: main: Response: https://www.google.com/search?q=what+is+a+a+batch]
[2024-08-19 18:44:15,666: INFO: main: User asked: what is a fan]
[2024-08-19 18:44:15,680: INFO: main: Response: Sorry, I didn't understand that question.]
[2024-08-19 18:44:21,131: INFO: main: User asked: what is a garlic]
[2024-08-19 18:44:21,144: INFO: main: Response: ['1  (1½ pound) eggplant, halved lengthwise', '3 tablespoons olive oil, divided', '1/2 teaspoon salt', '1/2 teaspoon ground black pepper', '1/2 pound sweet Italian sausage, casings removed', '1 cup chopped onion', '1 cup sliced fresh mushrooms', '4 cloves garlic, minced', '2 tablespoons chopped fresh basil', '1 cup tomato-basil pasta sauce', '3/4 cup Italian seasoned panko bread crumbs, divided', '1/2 cup grated Parmesan cheese, divided']]
[2024-08-19 18:44:29,804: INFO: main: User asked: what is a baby]
[2024-08-19 18:44:29,830: INFO: main: Response: https://www.google.com/search?q=what+is+a+a+baby]
[2024-08-19 18:44:40,589: INFO: main: User asked: what is minced]
[2024-08-19 18:44:40,617: INFO: main: Response: https://www.google.com/search?q=what+is+a+minced]
[2024-08-19 18:44:54,877: INFO: main: User asked: what is grated parmesan cheese]
[2024-08-19 18:44:54,906: INFO: main: Response: ['1  (1½ pound) eggplant, halved lengthwise', '3 tablespoons olive oil, divided', '1/2 teaspoon salt', '1/2 teaspoon ground black pepper', '1/2 pound sweet Italian sausage, casings removed', '1 cup chopped onion', '1 cup sliced fresh mushrooms', '4 cloves garlic, minced', '2 tablespoons chopped fresh basil', '1 cup tomato-basil pasta sauce', '3/4 cup Italian seasoned panko bread crumbs, divided', '1/2 cup grated Parmesan cheese, divided']]
[2024-08-19 18:45:08,926: INFO: main: User asked: how am i suppose to do that]
[2024-08-19 18:45:08,943: INFO: main: Response: https://www.youtube.com/results?search_query=how+to+Scoop+out+the+flesh,+brush+the+shells+with+oil,+and+season.]
[2024-08-19 18:45:22,457: INFO: main: User asked: please tell me how am i supposed to do that]
[2024-08-19 18:45:22,473: INFO: main: Response: https://www.youtube.com/results?search_query=how+to+Scoop+out+the+flesh,+brush+the+shells+with+oil,+and+season.]
[2024-08-19 18:45:43,041: INFO: main: User asked: next step]
[2024-08-19 18:45:43,057: INFO: main: Response: Chop the reserved eggplant flesh into bite-sized pieces.]
[2024-08-19 18:45:46,330: INFO: main: User asked: next step]
[2024-08-19 18:45:46,343: INFO: main: Response: Cook sausage, vegetables, and garlic in the remaining oil.]
[2024-08-19 18:45:51,117: INFO: main: User asked: next step]
[2024-08-19 18:45:51,132: INFO: main: Response: Stir in the reserved eggplant, basil, and sauce. Mix in some of the panko and cheese.]
[2024-08-19 18:45:57,733: INFO: main: User asked: last step]
[2024-08-19 18:45:57,758: INFO: main: Response: Cook sausage, vegetables, and garlic in the remaining oil.]
[2024-08-19 18:46:05,319: INFO: main: User asked: previous step]
[2024-08-19 18:46:05,333: INFO: main: Response: Chop the reserved eggplant flesh into bite-sized pieces.]
[2024-08-19 18:46:13,552: INFO: main: User asked: go to 4th step]
[2024-08-19 18:46:13,566: INFO: main: Response: Chop the reserved eggplant flesh into bite-sized pieces.]
[2024-08-19 18:46:23,748: INFO: main: User asked: current step]
[2024-08-19 18:46:23,774: INFO: main: Response: Chop the reserved eggplant flesh into bite-sized pieces.]
[2024-08-19 18:47:06,345: INFO: main: User asked: how much tomato-basil do i need]
[2024-08-19 19:03:17,821: INFO: main: >>>>>>>>>>> Starting the cookbook bot <<<<<<<<<<<]
[2024-08-19 19:03:51,619: INFO: main: User provided the recipe link: https://www.allrecipes.com/recipe/38331/stuffed-eggplant/]
[2024-08-19 19:03:52,531: INFO: main: Recipe details fetched successfully titled: Stuffed Eggplant]
[2024-08-19 19:03:52,534: INFO: SentenceTransformer: Use pytorch device_name: cpu]
[2024-08-19 19:03:52,534: INFO: SentenceTransformer: Load pretrained SentenceTransformer: stsb-roberta-base]
[2024-08-19 19:04:34,004: INFO: main: User asked: show me all the ingredients]
[2024-08-19 19:04:34,111: INFO: main: Response: ['1  (1½ pound) eggplant, halved lengthwise', '3 tablespoons olive oil, divided', '1/2 teaspoon salt', '1/2 teaspoon ground black pepper', '1/2 pound sweet Italian sausage, casings removed', '1 cup chopped onion', '1 cup sliced fresh mushrooms', '4 cloves garlic, minced', '2 tablespoons chopped fresh basil', '1 cup tomato-basil pasta sauce', '3/4 cup Italian seasoned panko bread crumbs, divided', '1/2 cup grated Parmesan cheese, divided']]
[2024-08-19 19:04:45,544: INFO: main: User asked: go over all the ingredients]
[2024-08-19 19:04:45,622: INFO: main: Response: ['1  (1½ pound) eggplant, halved lengthwise', '3 tablespoons olive oil, divided', '1/2 teaspoon salt', '1/2 teaspoon ground black pepper', '1/2 pound sweet Italian sausage, casings removed', '1 cup chopped onion', '1 cup sliced fresh mushrooms', '4 cloves garlic, minced', '2 tablespoons chopped fresh basil', '1 cup tomato-basil pasta sauce', '3/4 cup Italian seasoned panko bread crumbs, divided', '1/2 cup grated Parmesan cheese, divided']]
[2024-08-19 19:04:50,466: INFO: main: User asked: go over all the tools]
[2024-08-19 19:04:50,543: INFO: main: Response: ['skillet', 'knife', 'spoon', 'oven', 'bowl']]
[2024-08-19 19:04:55,549: INFO: main: User asked: show me all the tools]
[2024-08-19 19:04:55,624: INFO: main: Response: ['skillet', 'knife', 'spoon', 'oven', 'bowl']]
[2024-08-19 19:04:59,839: INFO: main: User asked: show the tools]
[2024-08-19 19:04:59,914: INFO: main: Response: ['skillet', 'knife', 'spoon', 'oven', 'bowl']]
[2024-08-19 19:05:11,203: INFO: main: User asked: please show me the tools ]
[2024-08-19 19:05:11,278: INFO: main: Response: ['skillet', 'knife', 'spoon', 'oven', 'bowl']]
[2024-08-19 19:05:22,297: INFO: main: User asked: what are the tools used in this recipe]
[2024-08-19 19:05:22,376: INFO: main: Response: ['skillet', 'knife', 'spoon', 'oven', 'bowl']]
[2024-08-19 19:05:39,918: INFO: main: User asked: what is a pen]
[2024-08-19 19:05:39,994: INFO: main: Response: https://www.google.com/search?q=what+is+a+a+pen]
[2024-08-19 19:05:55,669: INFO: main: User asked: next step]
[2024-08-19 19:05:55,733: INFO: main: Response: Chop the reserved eggplant flesh into bite-sized pieces.]
[2024-08-19 19:05:58,184: INFO: main: User asked: next step]
[2024-08-19 19:05:58,252: INFO: main: Response: Cook sausage, vegetables, and garlic in the remaining oil.]
[2024-08-19 19:05:59,818: INFO: main: User asked: next step]
[2024-08-19 19:05:59,885: INFO: main: Response: Stir in the reserved eggplant, basil, and sauce. Mix in some of the panko and cheese.]
[2024-08-19 19:06:03,338: INFO: main: User asked: last step]
[2024-08-19 19:06:03,405: INFO: main: Response: Cook sausage, vegetables, and garlic in the remaining oil.]
[2024-08-19 19:06:12,777: INFO: main: User asked: go to the 4th step]
[2024-08-19 19:06:12,859: INFO: main: Response: Chop the reserved eggplant flesh into bite-sized pieces.]
[2024-08-19 19:06:22,581: INFO: main: User asked: current step please]
[2024-08-19 19:06:22,652: INFO: main: Response: Scoop out the flesh, brush the shells with oil, and season.]
[2024-08-19 19:06:34,872: INFO: main: User asked: current step please]
[2024-08-19 19:06:34,941: INFO: main: Response: Step not available.]
[2024-08-19 19:06:46,220: INFO: main: User asked: next step]
[2024-08-19 19:06:46,285: INFO: main: Response: Chop the reserved eggplant flesh into bite-sized pieces.]
[2024-08-19 19:06:59,630: INFO: main: User asked: take me to the 1st step]
[2024-08-19 19:06:59,742: INFO: main: Response: Cook sausage, vegetables, and garlic in the remaining oil.]
[2024-08-19 19:07:04,091: INFO: main: User asked: take me to the 1st step]
[2024-08-19 19:07:04,190: INFO: main: Response: Stir in the reserved eggplant, basil, and sauce. Mix in some of the panko and cheese.]
[2024-08-19 19:07:25,718: INFO: main: User asked: previous step]
[2024-08-19 19:07:25,790: INFO: main: Response: Cook sausage, vegetables, and garlic in the remaining oil.]
[2024-08-19 19:07:33,218: INFO: main: User asked: previous step]
[2024-08-19 19:07:33,287: INFO: main: Response: Chop the reserved eggplant flesh into bite-sized pieces.]
[2024-08-19 19:07:37,866: INFO: main: User asked: previous step]
[2024-08-19 19:07:37,934: INFO: main: Response: Scoop out the flesh, brush the shells with oil, and season.]
[2024-08-19 19:07:41,638: INFO: main: User asked: previous step]
[2024-08-19 19:07:41,707: INFO: main: Response: Step not available.]
[2024-08-19 19:07:43,096: INFO: main: User asked: previous step]
[2024-08-19 19:07:43,163: INFO: main: Response: Step not available.]
[2024-08-19 19:07:51,767: INFO: main: User asked: further step]
[2024-08-19 19:07:51,836: INFO: main: Response: Chop the reserved eggplant flesh into bite-sized pieces.]
[2024-08-19 19:07:56,351: INFO: main: User asked: previous step]
[2024-08-19 19:07:56,421: INFO: main: Response: Scoop out the flesh, brush the shells with oil, and season.]
[2024-08-19 19:07:58,362: INFO: main: User asked: previous step]
[2024-08-19 19:07:58,432: INFO: main: Response: Step not available.]
[2024-08-19 19:08:17,066: INFO: main: User asked: how do i make a maggi]
[2024-08-19 19:08:17,147: INFO: main: Response: https://www.youtube.com/results?search_query=how+to+Scoop+out+the+flesh,+brush+the+shells+with+oil,+and+season.]
[2024-08-19 19:08:42,882: INFO: main: User asked: how much of water is required ]
[2024-08-19 19:09:12,811: INFO: main: >>>>>>>>>>> Starting the cookbook bot <<<<<<<<<<<]
[2024-08-19 19:12:20,248: INFO: main: >>>>>>>>>>> Starting the cookbook bot <<<<<<<<<<<]
[2024-08-19 19:12:49,628: INFO: main: User provided the recipe link: https://www.allrecipes.com/recipe/38331/stuffed-eggplant/]
[2024-08-19 19:12:51,220: INFO: main: Recipe details fetched successfully titled: Stuffed Eggplant]
[2024-08-19 19:12:51,223: INFO: SentenceTransformer: Use pytorch device_name: cpu]
[2024-08-19 19:12:51,223: INFO: SentenceTransformer: Load pretrained SentenceTransformer: stsb-roberta-base]
[2024-08-19 19:13:10,230: INFO: main: User asked: show all the ingredients]
[2024-08-19 19:13:10,312: INFO: main: Response: ['1  (1½ pound) eggplant, halved lengthwise', '3 tablespoons olive oil, divided', '1/2 teaspoon salt', '1/2 teaspoon ground black pepper', '1/2 pound sweet Italian sausage, casings removed', '1 cup chopped onion', '1 cup sliced fresh mushrooms', '4 cloves garlic, minced', '2 tablespoons chopped fresh basil', '1 cup tomato-basil pasta sauce', '3/4 cup Italian seasoned panko bread crumbs, divided', '1/2 cup grated Parmesan cheese, divided']]
[2024-08-19 19:13:18,072: INFO: main: User asked: the ingredients please]
[2024-08-19 19:13:18,143: INFO: main: Response: ['1  (1½ pound) eggplant, halved lengthwise', '3 tablespoons olive oil, divided', '1/2 teaspoon salt', '1/2 teaspoon ground black pepper', '1/2 pound sweet Italian sausage, casings removed', '1 cup chopped onion', '1 cup sliced fresh mushrooms', '4 cloves garlic, minced', '2 tablespoons chopped fresh basil', '1 cup tomato-basil pasta sauce', '3/4 cup Italian seasoned panko bread crumbs, divided', '1/2 cup grated Parmesan cheese, divided']]
[2024-08-19 19:13:23,037: INFO: main: User asked: the tools please]
[2024-08-19 19:13:23,108: INFO: main: Response: ['oven', 'skillet', 'bowl', 'spoon', 'knife']]
[2024-08-19 19:13:30,380: INFO: main: User asked: show me the tools yaar]
[2024-08-19 19:13:30,463: INFO: main: Response: ['oven', 'skillet', 'bowl', 'spoon', 'knife']]
[2024-08-19 19:13:54,662: INFO: main: User asked: further step]
[2024-08-19 19:13:54,743: INFO: main: Response: Chop the reserved eggplant flesh into bite-sized pieces.]
[2024-08-19 19:14:02,026: INFO: main: User asked: further step]
[2024-08-19 19:14:02,094: INFO: main: Response: Cook sausage, vegetables, and garlic in the remaining oil.]
[2024-08-19 19:14:03,356: INFO: main: User asked: further step]
[2024-08-19 19:14:03,424: INFO: main: Response: Stir in the reserved eggplant, basil, and sauce. Mix in some of the panko and cheese.]
[2024-08-19 19:14:05,366: INFO: main: User asked: further step]
[2024-08-19 19:14:05,440: INFO: main: Response: Stuff the shells and sprinkle the remaining cheese and panko over the top.]
[2024-08-19 19:14:10,230: INFO: main: User asked: past step]
[2024-08-19 19:14:10,304: INFO: main: Response: Stir in the reserved eggplant, basil, and sauce. Mix in some of the panko and cheese.]
[2024-08-19 19:14:11,605: INFO: main: User asked: past step]
[2024-08-19 19:14:11,672: INFO: main: Response: Cook sausage, vegetables, and garlic in the remaining oil.]
[2024-08-19 19:14:20,361: INFO: main: User asked: take me to the 4th step]
[2024-08-19 19:14:20,439: INFO: main: Response: Cook sausage, vegetables, and garlic in the remaining oil.]
[2024-08-19 19:16:57,498: INFO: main: User asked: please go to the 3rd step]
[2024-08-19 19:16:57,604: INFO: main: Response: Cook sausage, vegetables, and garlic in the remaining oil.]
[2024-08-19 19:17:05,607: INFO: main: User asked: go to 4th step]
[2024-08-19 19:17:05,683: INFO: main: Response: Chop the reserved eggplant flesh into bite-sized pieces.]
[2024-08-19 19:17:27,454: INFO: main: User asked: repeat this step again]
[2024-08-19 19:17:27,536: INFO: main: Response: Chop the reserved eggplant flesh into bite-sized pieces.]
[2024-08-19 19:18:06,529: INFO: main: User asked: how much of garlic do i need]
[2024-08-19 19:18:06,621: INFO: main: Response: Sorry, I didn't understand that question.]
[2024-08-19 19:18:56,622: INFO: main: User asked: how much of eggplant do i need]
[2024-08-19 19:18:56,705: INFO: main: Response: Sorry, I didn't understand that question.]
[2024-08-19 19:19:09,807: INFO: main: User asked: what is a garlic]
[2024-08-19 19:19:09,877: INFO: main: Response: Sorry, I didn't understand that question.]
[2024-08-19 19:19:17,062: INFO: main: User asked: what is a man]
[2024-08-19 19:19:17,143: INFO: main: Response: Sorry, I didn't understand that question.]
[2024-08-19 19:19:25,847: INFO: main: User asked: how do i do that]
[2024-08-19 19:19:25,922: INFO: main: Response: https://www.youtube.com/results?search_query=how+to+Chop+the+reserved+eggplant+flesh+into+bite-sized+pieces.]
[2024-08-19 19:19:32,797: INFO: main: User asked: how to do that]
[2024-08-19 19:19:32,867: INFO: main: Response: https://www.youtube.com/results?search_query=how+to+Chop+the+reserved+eggplant+flesh+into+bite-sized+pieces.]
[2024-08-19 19:19:40,850: INFO: main: User asked: how may i do this]
[2024-08-19 19:19:40,937: INFO: main: Response: https://www.youtube.com/results?search_query=how+to+Chop+the+reserved+eggplant+flesh+into+bite-sized+pieces.]
[2024-08-19 19:19:46,618: INFO: main: User asked: how?]
[2024-08-19 19:31:08,616: INFO: main: >>>>>>>>>>> Starting the cookbook bot <<<<<<<<<<<]
[2024-08-19 19:33:51,293: INFO: main: User provided the recipe link: https://www.allrecipes.com/recipe/38331/stuffed-eggplant/]
[2024-08-19 19:34:16,414: ERROR: main: Sorry, I am unable to fetch the details. Please try again later.]
[2024-08-19 19:34:16,414: INFO: main: User asked to try again or exit]
[2024-08-19 19:34:24,437: INFO: main: User chose to try again]
[2024-08-19 19:34:24,469: INFO: main: >>>>>>>>>>> Starting the cookbook bot <<<<<<<<<<<]
[2024-08-19 19:36:24,762: INFO: main: >>>>>>>>>>> Starting the cookbook bot <<<<<<<<<<<]
[2024-08-19 19:36:37,423: INFO: main: User provided the recipe link: https://www.allrecipes.com/recipe/38331/stuffed-eggplant/]
[2024-08-19 19:36:42,477: INFO: main: Recipe details fetched successfully titled: Stuffed Eggplant]
[2024-08-19 19:36:42,480: INFO: SentenceTransformer: Use pytorch device_name: cpu]
[2024-08-19 19:36:42,480: INFO: SentenceTransformer: Load pretrained SentenceTransformer: stsb-roberta-base]
[2024-08-19 19:37:11,403: INFO: main: User asked: ingredients please]
[2024-08-19 19:37:11,485: INFO: main: Response: ['1  (1½ pound) eggplant, halved lengthwise', '3 tablespoons olive oil, divided', '1/2 teaspoon salt', '1/2 teaspoon ground black pepper', '1/2 pound sweet Italian sausage, casings removed', '1 cup chopped onion', '1 cup sliced fresh mushrooms', '4 cloves garlic, minced', '2 tablespoons chopped fresh basil', '1 cup tomato-basil pasta sauce', '3/4 cup Italian seasoned panko bread crumbs, divided', '1/2 cup grated Parmesan cheese, divided']]
[2024-08-19 19:37:30,873: INFO: main: User asked: go to the 4th step]
[2024-08-19 19:37:30,941: INFO: main: Response: Stir in the reserved eggplant, basil, and sauce. Mix in some of the panko and cheese.]
[2024-08-19 19:37:43,030: INFO: main: User asked: go to the 2nd step]
[2024-08-19 19:37:43,108: INFO: main: Response: Cook sausage, vegetables, and garlic in the remaining oil.]
[2024-08-19 19:37:52,833: INFO: main: User asked: go to the 2nd step]
[2024-08-19 19:37:52,900: INFO: main: Response: Chop the reserved eggplant flesh into bite-sized pieces.]
[2024-08-19 19:38:20,430: INFO: main: User asked: repeat please]
[2024-08-19 19:38:20,504: INFO: main: Response: Sorry, I didn't understand that question.]
[2024-08-19 19:38:39,221: INFO: main: User asked: repeat the step again]
[2024-08-19 19:38:39,288: INFO: main: Response: Chop the reserved eggplant flesh into bite-sized pieces.]
[2024-08-19 19:39:08,925: INFO: main: User asked: how to do that]
[2024-08-19 19:39:09,033: INFO: main: Response: https://www.youtube.com/results?search_query=how+to+Chop+the+reserved+eggplant+flesh+into+bite-sized+pieces.]
[2024-08-19 19:39:23,693: INFO: main: User asked: how do i blend in a mixture]
[2024-08-19 19:39:23,805: INFO: main: Response: https://www.youtube.com/results?search_query=how+to+Chop+the+reserved+eggplant+flesh+into+bite-sized+pieces.]
[2024-08-19 19:40:11,590: INFO: main: User asked: how much of garlic do i need]
[2024-08-19 19:40:11,673: INFO: main: Response: Sorry, I didn't understand that question.]
[2024-08-19 19:41:04,553: INFO: main: User asked: take me to 2nd step]
[2024-08-19 19:41:04,619: INFO: main: Response: Cook sausage, vegetables, and garlic in the remaining oil.]
[2024-08-19 19:41:07,866: INFO: main: User asked: take me to 2nd step]
[2024-08-19 19:41:07,927: INFO: main: Response: Stir in the reserved eggplant, basil, and sauce. Mix in some of the panko and cheese.]
[2024-08-19 19:41:10,933: INFO: main: User asked: take me to 2nd step]
[2024-08-19 19:41:10,995: INFO: main: Response: Stuff the shells and sprinkle the remaining cheese and panko over the top.]
[2024-08-19 19:41:25,598: INFO: main: User asked: take me to the 3rd step]
[2024-08-19 19:41:25,677: INFO: main: Response: Cook sausage, vegetables, and garlic in the remaining oil.]
[2024-08-19 19:41:28,324: INFO: main: User asked: take me to the 3rd step]
[2024-08-19 19:41:28,390: INFO: main: Response: Cook sausage, vegetables, and garlic in the remaining oil.]
[2024-08-19 19:41:29,382: INFO: main: User asked: take me to the 3rd step]
[2024-08-19 19:41:29,446: INFO: main: Response: Cook sausage, vegetables, and garlic in the remaining oil.]
[2024-08-19 19:41:40,112: INFO: main: User asked: take me to 1st step]
[2024-08-19 19:41:40,188: INFO: main: Response: Scoop out the flesh, brush the shells with oil, and season.]
[2024-08-19 19:41:43,800: INFO: main: User asked: take me to 1st step]
[2024-08-19 19:41:43,860: INFO: main: Response: Scoop out the flesh, brush the shells with oil, and season.]
[2024-08-19 19:41:52,915: INFO: main: User asked: take me to 4th step]
[2024-08-19 19:41:52,982: INFO: main: Response: Stir in the reserved eggplant, basil, and sauce. Mix in some of the panko and cheese.]
[2024-08-19 19:41:59,563: INFO: main: User asked: take me to 3rd step]
[2024-08-19 19:41:59,636: INFO: main: Response: Cook sausage, vegetables, and garlic in the remaining oil.]
[2024-08-19 19:42:05,294: INFO: main: User asked: go to 4th step]
[2024-08-19 19:42:05,358: INFO: main: Response: Stir in the reserved eggplant, basil, and sauce. Mix in some of the panko and cheese.]
[2024-08-19 19:42:13,205: INFO: main: User asked: so to 1st step]
[2024-08-19 19:42:13,278: INFO: main: Response: Cook sausage, vegetables, and garlic in the remaining oil.]
[2024-08-19 19:42:52,366: INFO: main: User asked: go to 1st step]
[2024-08-19 19:42:52,440: INFO: main: Response: Chop the reserved eggplant flesh into bite-sized pieces.]
[2024-08-19 19:42:55,837: INFO: main: User asked: go to 1st step]
[2024-08-19 19:42:55,902: INFO: main: Response: Scoop out the flesh, brush the shells with oil, and season.]
[2024-08-19 19:43:31,132: INFO: main: User asked: how may i do that]
[2024-08-19 19:43:31,221: INFO: main: Response: https://www.youtube.com/results?search_query=how+to+Scoop+out+the+flesh,+brush+the+shells+with+oil,+and+season.]
[2024-08-19 19:43:46,560: INFO: main: User asked: how much of garlic do i need]
[2024-08-19 19:43:46,636: INFO: main: Response: Sorry, I didn't understand that question.]
[2024-08-19 19:44:11,027: INFO: main: User asked: how do i make her happy]
[2024-08-19 19:44:11,105: INFO: main: Response: https://www.youtube.com/results?search_query=how+to+Scoop+out+the+flesh,+brush+the+shells+with+oil,+and+season.]
[2024-08-19 19:45:26,437: INFO: main: User asked: current step]
[2024-08-19 19:45:26,508: INFO: main: Response: Step not available.]
[2024-08-19 19:45:36,051: INFO: main: User asked: current step]
[2024-08-19 19:45:36,109: INFO: main: Response: Step not available.]
[2024-08-19 19:52:31,019: INFO: main: User asked: exit]
[2024-08-19 19:52:31,019: INFO: main: User chose to exit the program]
[2024-08-19 19:52:48,076: INFO: main: >>>>>>>>>>> Starting the cookbook bot <<<<<<<<<<<]
[2024-08-19 19:52:55,054: INFO: main: User provided the recipe link: https://www.allrecipes.com/recipe/38331/stuffed-eggplant/]
[2024-08-19 19:52:55,979: INFO: main: Recipe details fetched successfully titled: Stuffed Eggplant]
[2024-08-19 19:52:55,984: INFO: SentenceTransformer: Use pytorch device_name: cpu]
[2024-08-19 19:52:55,984: INFO: SentenceTransformer: Load pretrained SentenceTransformer: stsb-roberta-base]
[2024-08-19 19:53:07,898: INFO: main: User asked: go to step 4]
[2024-08-19 19:53:07,964: INFO: main: Response: Stir in the reserved eggplant, basil, and sauce. Mix in some of the panko and cheese.]
[2024-08-19 19:53:19,919: INFO: main: User asked: take me to step 3]
[2024-08-19 19:53:19,992: INFO: main: Response: Cook sausage, vegetables, and garlic in the remaining oil.]
[2024-08-19 19:53:24,003: INFO: main: User asked: take me to step 3]
[2024-08-19 19:53:24,076: INFO: main: Response: Cook sausage, vegetables, and garlic in the remaining oil.]
[2024-08-19 19:53:34,536: INFO: main: User asked: lets go to step 5]
[2024-08-19 19:53:34,616: INFO: main: Response: Stuff the shells and sprinkle the remaining cheese and panko over the top.]
[2024-08-19 19:53:49,453: INFO: main: User asked: take me to the 5th step]
[2024-08-19 19:53:49,526: INFO: main: Response: Stuff the shells and sprinkle the remaining cheese and panko over the top.]
[2024-08-19 19:53:52,433: INFO: main: User asked: take me to the 5th step]
[2024-08-19 19:53:52,505: INFO: main: Response: Stuff the shells and sprinkle the remaining cheese and panko over the top.]
[2024-08-19 19:58:21,528: INFO: main: User asked: please go the the 3rd step again i missed something i guess]
[2024-08-19 19:58:21,624: INFO: main: Response: Sorry, I didn't understand that question.]
[2024-08-19 19:58:28,494: INFO: main: User asked: please go the the 3rd step again]
[2024-08-19 19:58:28,578: INFO: main: Response: Cook sausage, vegetables, and garlic in the remaining oil.]
[2024-08-19 20:02:29,220: INFO: main: User asked: current step]
[2024-08-19 20:02:29,307: INFO: main: Response: Sorry, something went wrong.]
[2024-08-19 20:02:51,781: INFO: main: User asked: active step]
[2024-08-19 20:02:51,851: INFO: main: Response: Sorry, something went wrong.]
[2024-08-19 20:03:05,360: INFO: main: User asked: repeat this step please]
[2024-08-19 20:03:05,437: INFO: main: Response: Sorry, something went wrong.]
[2024-08-19 20:03:12,446: INFO: main: User asked: repeat step again]
[2024-08-19 20:03:12,511: INFO: main: Response: Sorry, something went wrong.]
[2024-08-19 20:03:57,487: INFO: main: User asked: exit]
[2024-08-19 20:03:57,487: INFO: main: User chose to exit the program]
[2024-08-19 20:04:13,150: INFO: main: >>>>>>>>>>> Starting the cookbook bot <<<<<<<<<<<]
[2024-08-19 20:04:31,472: INFO: main: User provided the recipe link: https://www.allrecipes.com/recipe/38331/stuffed-eggplant/]
[2024-08-19 20:04:32,683: INFO: main: Recipe details fetched successfully titled: Stuffed Eggplant]
[2024-08-19 20:04:32,685: INFO: SentenceTransformer: Use pytorch device_name: cpu]
[2024-08-19 20:04:32,685: INFO: SentenceTransformer: Load pretrained SentenceTransformer: stsb-roberta-base]
[2024-08-19 20:04:49,720: INFO: main: User asked: current step]
[2024-08-19 20:04:49,798: INFO: main: Response: Sorry, something went wrong.]
[2024-08-19 20:04:58,176: INFO: main: User asked: repeat this step again please]
[2024-08-19 20:04:58,245: INFO: main: Response: Scoop out the flesh, brush the shells with oil, and season.]
[2024-08-19 20:05:06,787: INFO: main: User asked: next step]
[2024-08-19 20:05:06,873: INFO: main: Response: Chop the reserved eggplant flesh into bite-sized pieces.]
[2024-08-19 20:05:57,577: INFO: main: User asked: how much of garlic is required]
[2024-08-19 20:05:57,652: INFO: main: Response: Sorry, I didn't understand that question.]
[2024-08-19 20:06:21,876: INFO: main: User asked: what is a bread]
[2024-08-19 20:06:21,951: INFO: main: Response: Sorry, I didn't understand that question.]
[2024-08-19 20:10:41,984: INFO: main: User asked: exit]
[2024-08-19 20:10:41,984: INFO: main: User chose to exit the program]
[2024-08-19 20:10:51,549: INFO: main: >>>>>>>>>>> Starting the cookbook bot <<<<<<<<<<<]
[2024-08-19 20:12:03,029: INFO: main: User provided the recipe link: https://www.allrecipes.com/recipe/38331/stuffed-eggplant/]
[2024-08-19 20:12:03,673: INFO: main: Recipe details fetched successfully titled: Stuffed Eggplant]
[2024-08-19 20:12:03,675: INFO: SentenceTransformer: Use pytorch device_name: cpu]
[2024-08-19 20:12:03,675: INFO: SentenceTransformer: Load pretrained SentenceTransformer: stsb-roberta-base]
[2024-08-19 20:12:47,638: INFO: main: User asked: how to cut garlic]
[2024-08-19 20:12:47,745: INFO: main: Response: Sorry, I didn't understand that question.]
[2024-08-19 20:12:54,110: INFO: main: User asked: how do i do that]
[2024-08-19 20:12:54,189: INFO: main: Response: https://www.youtube.com/results?search_query=how+to+Scoop+out+the+flesh,+brush+the+shells+with+oil,+and+season.]
[2024-08-19 20:13:07,482: INFO: main: User asked: how to eat apple]
[2024-08-19 20:13:07,549: INFO: main: Response: Sorry, I didn't understand that question.]
[2024-08-19 20:13:51,115: INFO: main: User asked: exit]
[2024-08-19 20:13:51,115: INFO: main: User chose to exit the program]
[2024-08-19 20:14:00,888: INFO: main: >>>>>>>>>>> Starting the cookbook bot <<<<<<<<<<<]
[2024-08-19 20:14:07,343: INFO: main: User provided the recipe link: https://www.allrecipes.com/recipe/38331/stuffed-eggplant/]
[2024-08-19 20:14:08,151: INFO: main: Recipe details fetched successfully titled: Stuffed Eggplant]
[2024-08-19 20:14:08,152: INFO: SentenceTransformer: Use pytorch device_name: cpu]
[2024-08-19 20:14:08,152: INFO: SentenceTransformer: Load pretrained SentenceTransformer: stsb-roberta-base]
[2024-08-19 20:14:15,548: INFO: main: User asked: how do i do that]
[2024-08-19 20:14:15,623: INFO: main: Response: https://www.youtube.com/results?search_query=how+to+Scoop+out+the+flesh,+brush+the+shells+with+oil,+and+season.]
[2024-08-19 20:14:21,168: INFO: main: User asked: how to eat apple]
[2024-08-19 20:14:21,237: INFO: main: Response: Sorry, I didn't understand that question.]
[2024-08-19 20:14:48,116: INFO: main: User asked: exit]
[2024-08-19 20:14:48,116: INFO: main: User chose to exit the program]
[2024-08-19 20:15:02,864: INFO: main: >>>>>>>>>>> Starting the cookbook bot <<<<<<<<<<<]
[2024-08-19 20:17:13,461: INFO: main: User provided the recipe link: https://www.allrecipes.com/recipe/38331/stuffed-eggplant/]
[2024-08-19 20:17:14,131: INFO: main: Recipe details fetched successfully titled: Stuffed Eggplant]
[2024-08-19 20:17:14,133: INFO: SentenceTransformer: Use pytorch device_name: cpu]
[2024-08-19 20:17:14,133: INFO: SentenceTransformer: Load pretrained SentenceTransformer: stsb-roberta-base]
[2024-08-19 20:17:29,697: INFO: main: User asked: how to eat apple]
[2024-08-19 20:17:29,763: INFO: main: Response: Sorry, something went wrong.]
[2024-08-19 20:18:42,711: INFO: main: User asked: exit]
[2024-08-19 20:18:42,711: INFO: main: User chose to exit the program]
[2024-08-19 20:18:54,114: INFO: main: >>>>>>>>>>> Starting the cookbook bot <<<<<<<<<<<]
[2024-08-19 20:19:04,362: INFO: main: User provided the recipe link: https://www.allrecipes.com/recipe/38331/stuffed-eggplant/]
[2024-08-19 20:19:05,071: INFO: main: Recipe details fetched successfully titled: Stuffed Eggplant]
[2024-08-19 20:19:05,073: INFO: SentenceTransformer: Use pytorch device_name: cpu]
[2024-08-19 20:19:05,073: INFO: SentenceTransformer: Load pretrained SentenceTransformer: stsb-roberta-base]
[2024-08-19 20:19:18,592: INFO: main: User asked: how to eat apple]
[2024-08-19 20:19:18,672: INFO: main: Response: Sorry, something went wrong.]
[2024-08-19 20:20:14,172: INFO: main: User asked: what is an apple]
[2024-08-19 20:20:14,242: INFO: main: Response: https://www.google.com/search?q=what+is+a+an+apple]
[2024-08-19 20:20:26,030: INFO: main: User asked: what is a garlic]
[2024-08-19 20:20:26,099: INFO: main: Response: https://www.google.com/search?q=what+is+a+a+garlic]
[2024-08-19 20:20:41,094: INFO: main: User asked: what's a garlic]
[2024-08-19 20:20:41,177: INFO: main: Response: Sorry, something went wrong.]
[2024-08-19 20:21:10,779: INFO: main: User asked: garlic, what is that]
[2024-08-19 20:21:10,852: INFO: main: Response: https://www.google.com/search?q=what+is+a+that]
[2024-08-19 20:21:27,689: INFO: main: User asked: what is a garlic pickle ]
[2024-08-19 20:21:27,778: INFO: main: Response: Sorry, I didn't understand that question.]
[2024-08-19 20:21:44,823: INFO: main: User asked: what is a peached nut]
[2024-08-19 20:21:44,904: INFO: main: Response: https://www.google.com/search?q=what+is+a+a+peached+nut]
[2024-08-19 20:21:51,950: INFO: main: User asked: what is a rubber]
[2024-08-19 20:21:52,030: INFO: main: Response: https://www.google.com/search?q=what+is+a+a+rubber]
[2024-08-19 20:22:05,458: INFO: main: User asked: what is buffer]
[2024-08-19 20:22:05,537: INFO: main: Response: https://www.google.com/search?q=what+is+a+buffer]
[2024-08-19 20:22:25,860: INFO: main: User asked: what is a bayesian classifier]
[2024-08-19 20:22:25,946: INFO: main: Response: https://www.google.com/search?q=what+is+a+a+bayesian+classifier]
[2024-08-19 20:22:52,314: INFO: main: User asked: how much of garlic do i need]
[2024-08-19 20:22:52,402: INFO: main: Response: Sorry, I didn't understand that question.]
[2024-08-19 20:24:45,693: INFO: main: User asked: go to 4th step]
[2024-08-19 20:24:45,791: INFO: main: Response: Stir in the reserved eggplant, basil, and sauce. Mix in some of the panko and cheese.]
[2024-08-19 20:28:42,291: INFO: main: User asked: what are all the ingredients]
[2024-08-19 20:28:42,406: INFO: main: Response: ['1  (1½ pound) eggplant, halved lengthwise', '3 tablespoons olive oil, divided', '1/2 teaspoon salt', '1/2 teaspoon ground black pepper', '1/2 pound sweet Italian sausage, casings removed', '1 cup chopped onion', '1 cup sliced fresh mushrooms', '4 cloves garlic, minced', '2 tablespoons chopped fresh basil', '1 cup tomato-basil pasta sauce', '3/4 cup Italian seasoned panko bread crumbs, divided', '1/2 cup grated Parmesan cheese, divided']]
[2024-08-19 20:28:51,491: INFO: main: User asked: what are all the tools]
[2024-08-19 20:28:51,567: INFO: main: Response: ['spoon', 'bowl', 'oven', 'skillet', 'knife']]
[2024-08-19 20:29:04,381: INFO: main: User asked: repeat this step again]
[2024-08-19 20:29:04,459: INFO: main: Response: Stir in the reserved eggplant, basil, and sauce. Mix in some of the panko and cheese.]
[2024-08-19 20:42:28,186: INFO: main: User asked: exit]
[2024-08-19 20:42:28,186: INFO: main: User chose to exit the program]
[2024-08-19 20:42:43,890: INFO: main: >>>>>>>>>>> Starting the cookbook bot <<<<<<<<<<<]
[2024-08-19 20:42:52,526: INFO: main: User provided the recipe link: https://www.allrecipes.com/recipe/38331/stuffed-eggplant/]
[2024-08-19 20:42:53,724: INFO: main: Recipe details fetched successfully titled: Stuffed Eggplant]
[2024-08-19 20:42:53,726: INFO: SentenceTransformer: Use pytorch device_name: cpu]
[2024-08-19 20:42:53,726: INFO: SentenceTransformer: Load pretrained SentenceTransformer: stsb-roberta-base]
[2024-08-19 20:43:05,511: INFO: main: User asked: how much garlic is required]
[2024-08-19 20:43:05,512: INFO: main: Response: Ingredient not found.]
[2024-08-19 20:43:13,652: INFO: main: User asked: show all the ingredients]
[2024-08-19 20:43:13,738: INFO: main: Response: ['1  (1½ pound) eggplant, halved lengthwise', '3 tablespoons olive oil, divided', '1/2 teaspoon salt', '1/2 teaspoon ground black pepper', '1/2 pound sweet Italian sausage, casings removed', '1 cup chopped onion', '1 cup sliced fresh mushrooms', '4 cloves garlic, minced', '2 tablespoons chopped fresh basil', '1 cup tomato-basil pasta sauce', '3/4 cup Italian seasoned panko bread crumbs, divided', '1/2 cup grated Parmesan cheese, divided']]
[2024-08-19 20:43:28,392: INFO: main: User asked: how much eggplant is required]
[2024-08-19 20:43:28,393: INFO: main: Response: Ingredient not found.]
[2024-08-19 20:43:32,254: INFO: main: User asked: how much eggplant]
[2024-08-19 20:43:32,255: INFO: main: Response: 1  (1½ pound) eggplant, halved lengthwise]
[2024-08-19 20:43:45,494: INFO: main: User asked: how to read mind]
[2024-08-19 20:43:45,495: INFO: main: Response: https://www.youtube.com/results?search_query=how+do+i++read+mind]
[2024-08-19 20:43:56,440: INFO: main: User asked: exit]
[2024-08-19 20:43:56,440: INFO: main: User chose to exit the program]
[2024-08-19 20:45:11,814: INFO: main: >>>>>>>>>>> Starting the cookbook bot <<<<<<<<<<<]
[2024-08-19 20:45:18,889: INFO: main: User provided the recipe link: https://www.allrecipes.com/recipe/38331/stuffed-eggplant/]
[2024-08-19 20:45:19,562: INFO: main: Recipe details fetched successfully titled: Stuffed Eggplant]
[2024-08-19 20:45:19,564: INFO: SentenceTransformer: Use pytorch device_name: cpu]
[2024-08-19 20:45:19,564: INFO: SentenceTransformer: Load pretrained SentenceTransformer: stsb-roberta-base]
[2024-08-19 20:45:39,841: INFO: main: User asked: how much garlic is required]
[2024-08-19 20:45:39,843: INFO: main: Response: Ingredient not found.]
[2024-08-19 20:47:43,697: INFO: main: User asked: exit]
[2024-08-19 20:47:43,697: INFO: main: User chose to exit the program]
[2024-08-19 20:47:52,368: INFO: main: >>>>>>>>>>> Starting the cookbook bot <<<<<<<<<<<]
[2024-08-19 20:48:00,129: INFO: main: User provided the recipe link: https://www.allrecipes.com/recipe/38331/stuffed-eggplant/]
[2024-08-19 20:48:01,051: INFO: main: Recipe details fetched successfully titled: Stuffed Eggplant]
[2024-08-19 20:48:01,053: INFO: SentenceTransformer: Use pytorch device_name: cpu]
[2024-08-19 20:48:01,053: INFO: SentenceTransformer: Load pretrained SentenceTransformer: stsb-roberta-base]
[2024-08-19 20:48:11,290: INFO: main: User asked: how much garlic is required]
[2024-08-19 20:48:11,290: INFO: main: Response: 4 cloves garlic, minced]
[2024-08-19 20:48:23,965: INFO: main: User asked: how to cut garlic]
[2024-08-19 20:48:23,966: INFO: main: Response: https://www.youtube.com/results?search_query=how+do+i++cut+garlic]
[2024-08-19 20:48:39,345: INFO: main: User asked: please show all the ingredients please]
[2024-08-19 20:48:39,427: INFO: main: Response: ['1  (1½ pound) eggplant, halved lengthwise', '3 tablespoons olive oil, divided', '1/2 teaspoon salt', '1/2 teaspoon ground black pepper', '1/2 pound sweet Italian sausage, casings removed', '1 cup chopped onion', '1 cup sliced fresh mushrooms', '4 cloves garlic, minced', '2 tablespoons chopped fresh basil', '1 cup tomato-basil pasta sauce', '3/4 cup Italian seasoned panko bread crumbs, divided', '1/2 cup grated Parmesan cheese, divided']]
[2024-08-19 20:48:50,942: INFO: main: User asked: what are the ingredients used in this recipe]
[2024-08-19 20:48:51,028: INFO: main: Response: ['1  (1½ pound) eggplant, halved lengthwise', '3 tablespoons olive oil, divided', '1/2 teaspoon salt', '1/2 teaspoon ground black pepper', '1/2 pound sweet Italian sausage, casings removed', '1 cup chopped onion', '1 cup sliced fresh mushrooms', '4 cloves garlic, minced', '2 tablespoons chopped fresh basil', '1 cup tomato-basil pasta sauce', '3/4 cup Italian seasoned panko bread crumbs, divided', '1/2 cup grated Parmesan cheese, divided']]
[2024-08-19 20:49:02,161: INFO: main: User asked: what are all the tools used in this recipe]
[2024-08-19 20:49:02,248: INFO: main: Response: ['oven', 'spoon', 'skillet', 'knife', 'bowl']]
[2024-08-19 20:49:06,413: INFO: main: User asked: next]
[2024-08-19 20:49:06,485: INFO: main: Response: Chop the reserved eggplant flesh into bite-sized pieces.]
[2024-08-19 20:49:09,249: INFO: main: User asked: next]
[2024-08-19 20:49:09,308: INFO: main: Response: Cook sausage, vegetables, and garlic in the remaining oil.]
[2024-08-19 20:49:13,428: INFO: main: User asked: back]
[2024-08-19 20:49:13,501: INFO: main: Response: Sorry, something went wrong.]
[2024-08-19 20:49:18,581: INFO: main: User asked: back]
[2024-08-19 20:49:18,642: INFO: main: Response: Sorry, something went wrong.]
[2024-08-19 20:49:23,115: INFO: main: User asked: go back]
[2024-08-19 20:49:23,175: INFO: main: Response: Cook sausage, vegetables, and garlic in the remaining oil.]
[2024-08-19 20:49:27,628: INFO: main: User asked: go back]
[2024-08-19 20:49:27,689: INFO: main: Response: Cook sausage, vegetables, and garlic in the remaining oil.]
[2024-08-19 20:49:30,102: INFO: main: User asked: go back]
[2024-08-19 20:49:30,162: INFO: main: Response: Cook sausage, vegetables, and garlic in the remaining oil.]
[2024-08-19 20:49:36,132: INFO: main: User asked: previous step]
[2024-08-19 20:49:36,198: INFO: main: Response: Chop the reserved eggplant flesh into bite-sized pieces.]
[2024-08-19 20:49:38,647: INFO: main: User asked: previous step]
[2024-08-19 20:49:38,716: INFO: main: Response: Scoop out the flesh, brush the shells with oil, and season.]
[2024-08-19 20:49:40,249: INFO: main: User asked: previous step]
[2024-08-19 20:49:40,313: INFO: main: Response: Step not available.]
[2024-08-19 20:50:00,031: INFO: main: User asked: exit]
[2024-08-19 20:50:00,032: INFO: main: User chose to exit the program]
